<?xml version="1.0" encoding="UTF-8"?>
<testng-results ignored="0" total="1" passed="1" failed="0" skipped="0">
  <reporter-output>
  </reporter-output>
  <suite started-at="2023-12-22T18:18:28 IST" name="Default suite" finished-at="2023-12-22T18:18:52 IST" duration-ms="23804">
    <groups>
    </groups>
    <test started-at="2023-12-22T18:18:28 IST" name="Default test" finished-at="2023-12-22T18:18:52 IST" duration-ms="23804">
      <class name="com.testing.test.HomePageTest">
        <test-method is-config="true" signature="openApp()[pri:0, instance:com.testing.test.HomePageTest@3a7442c7]" started-at="2023-12-22T18:18:28 IST" name="openApp" finished-at="2023-12-22T18:18:40 IST" duration-ms="11694" status="PASS">
          <reporter-output>
          </reporter-output>
        </test-method> <!-- openApp -->
        <test-method signature="homePageTest()[pri:0, instance:com.testing.test.HomePageTest@3a7442c7]" started-at="2023-12-22T18:18:40 IST" name="homePageTest" finished-at="2023-12-22T18:18:52 IST" duration-ms="11969" status="PASS">
          <reporter-output>
          </reporter-output>
        </test-method> <!-- homePageTest -->
        <test-method is-config="true" signature="cleanUp()[pri:0, instance:com.testing.test.HomePageTest@3a7442c7]" started-at="2023-12-22T18:18:52 IST" name="cleanUp" finished-at="2023-12-22T18:18:52 IST" duration-ms="2" status="PASS">
          <reporter-output>
          </reporter-output>
        </test-method> <!-- cleanUp -->
      </class> <!-- com.testing.test.HomePageTest -->
    </test> <!-- Default test -->
  </suite> <!-- Default suite -->
</testng-results>
